{"C:\\Users\\Merna\\vscoode projects\\yappie\\Yappie\\yappie\\src\\backend\\notification-service\\controllers\\notificationController.js": {"path":"C:\\Users\\Merna\\vscoode projects\\yappie\\Yappie\\yappie\\src\\backend\\notification-service\\controllers\\notificationController.js","statementMap":{"0":{"start":{"line":1,"column":0},"end":{"line":1,"column":25}},"1":{"start":{"line":2,"column":21},"end":{"line":2,"column":57}},"2":{"start":{"line":3,"column":15},"end":{"line":3,"column":38}},"3":{"start":{"line":4,"column":17},"end":{"line":4,"column":47}},"4":{"start":{"line":6,"column":0},"end":{"line":16,"column":1}},"5":{"start":{"line":7,"column":4},"end":{"line":15,"column":5}},"6":{"start":{"line":8,"column":30},"end":{"line":8,"column":55}},"7":{"start":{"line":9,"column":8},"end":{"line":9,"column":49}},"8":{"start":{"line":10,"column":8},"end":{"line":10,"column":44}},"9":{"start":{"line":12,"column":8},"end":{"line":12,"column":29}},"10":{"start":{"line":13,"column":8},"end":{"line":13,"column":72}},"11":{"start":{"line":14,"column":8},"end":{"line":14,"column":65}},"12":{"start":{"line":15,"column":5},"end":{"line":15,"column":7}},"13":{"start":{"line":19,"column":0},"end":{"line":37,"column":1}},"14":{"start":{"line":20,"column":4},"end":{"line":36,"column":5}},"15":{"start":{"line":21,"column":8},"end":{"line":21,"column":29}},"16":{"start":{"line":22,"column":36},"end":{"line":22,"column":44}},"17":{"start":{"line":23,"column":23},"end":{"line":23,"column":64}},"18":{"start":{"line":24,"column":8},"end":{"line":24,"column":27}},"19":{"start":{"line":25,"column":8},"end":{"line":29,"column":84}},"20":{"start":{"line":26,"column":12},"end":{"line":26,"column":52}},"21":{"start":{"line":27,"column":12},"end":{"line":27,"column":32}},"22":{"start":{"line":29,"column":13},"end":{"line":29,"column":84}},"23":{"start":{"line":30,"column":8},"end":{"line":30,"column":62}},"24":{"start":{"line":31,"column":8},"end":{"line":31,"column":67}},"25":{"start":{"line":33,"column":8},"end":{"line":33,"column":29}},"26":{"start":{"line":34,"column":8},"end":{"line":34,"column":72}},"27":{"start":{"line":35,"column":8},"end":{"line":35,"column":65}},"28":{"start":{"line":36,"column":5},"end":{"line":36,"column":7}},"29":{"start":{"line":39,"column":0},"end":{"line":57,"column":1}},"30":{"start":{"line":40,"column":4},"end":{"line":55,"column":5}},"31":{"start":{"line":41,"column":8},"end":{"line":41,"column":27}},"32":{"start":{"line":42,"column":27},"end":{"line":42,"column":69}},"33":{"start":{"line":43,"column":8},"end":{"line":43,"column":51}},"34":{"start":{"line":44,"column":8},"end":{"line":45,"column":27}},"35":{"start":{"line":46,"column":8},"end":{"line":46,"column":84}},"36":{"start":{"line":47,"column":8},"end":{"line":47,"column":72}},"37":{"start":{"line":48,"column":8},"end":{"line":48,"column":67}},"38":{"start":{"line":49,"column":8},"end":{"line":49,"column":55}},"39":{"start":{"line":52,"column":8},"end":{"line":52,"column":71}},"40":{"start":{"line":53,"column":8},"end":{"line":53,"column":26}},"41":{"start":{"line":54,"column":8},"end":{"line":54,"column":51}}},"fnMap":{"0":{"name":"(anonymous_0)","decl":{"start":{"line":6,"column":17},"end":{"line":6,"column":18}},"loc":{"start":{"line":6,"column":34},"end":{"line":16,"column":1}},"line":6},"1":{"name":"(anonymous_1)","decl":{"start":{"line":19,"column":17},"end":{"line":19,"column":18}},"loc":{"start":{"line":19,"column":34},"end":{"line":37,"column":1}},"line":19},"2":{"name":"(anonymous_2)","decl":{"start":{"line":39,"column":18},"end":{"line":39,"column":19}},"loc":{"start":{"line":39,"column":35},"end":{"line":57,"column":1}},"line":39}},"branchMap":{"0":{"loc":{"start":{"line":25,"column":8},"end":{"line":29,"column":84}},"type":"if","locations":[{"start":{"line":25,"column":8},"end":{"line":29,"column":84}},{"start":{"line":29,"column":13},"end":{"line":29,"column":84}}],"line":25}},"s":{"0":1,"1":1,"2":1,"3":1,"4":1,"5":0,"6":0,"7":0,"8":0,"9":0,"10":0,"11":0,"12":0,"13":1,"14":4,"15":4,"16":4,"17":4,"18":1,"19":1,"20":1,"21":1,"22":0,"23":1,"24":1,"25":3,"26":3,"27":3,"28":4,"29":1,"30":2,"31":2,"32":2,"33":1,"34":1,"35":1,"36":1,"37":1,"38":1,"39":1,"40":1,"41":1},"f":{"0":0,"1":4,"2":2},"b":{"0":[1,0]},"_coverageSchema":"1a1c01bbd47fc00a2c39e90264f33305004495a9","hash":"2361b7098b983f3d6831b37ff8b943c9e0ac7477"}
,"C:\\Users\\Merna\\vscoode projects\\yappie\\Yappie\\yappie\\src\\backend\\notification-service\\workers\\index.js": {"path":"C:\\Users\\Merna\\vscoode projects\\yappie\\Yappie\\yappie\\src\\backend\\notification-service\\workers\\index.js","statementMap":{"0":{"start":{"line":1,"column":13},"end":{"line":1,"column":31}},"1":{"start":{"line":3,"column":17},"end":{"line":15,"column":4}},"2":{"start":{"line":4,"column":4},"end":{"line":14,"column":5}},"3":{"start":{"line":5,"column":27},"end":{"line":5,"column":69}},"4":{"start":{"line":6,"column":8},"end":{"line":6,"column":42}},"5":{"start":{"line":7,"column":8},"end":{"line":10,"column":10}},"6":{"start":{"line":9,"column":31},"end":{"line":9,"column":58}},"7":{"start":{"line":12,"column":8},"end":{"line":12,"column":61}},"8":{"start":{"line":13,"column":8},"end":{"line":13,"column":18}},"9":{"start":{"line":17,"column":0},"end":{"line":17,"column":26}}},"fnMap":{"0":{"name":"(anonymous_0)","decl":{"start":{"line":3,"column":18},"end":{"line":3,"column":19}},"loc":{"start":{"line":3,"column":30},"end":{"line":15,"column":1}},"line":3},"1":{"name":"(anonymous_1)","decl":{"start":{"line":9,"column":25},"end":{"line":9,"column":26}},"loc":{"start":{"line":9,"column":31},"end":{"line":9,"column":58}},"line":9}},"branchMap":{},"s":{"0":1,"1":1,"2":1,"3":1,"4":1,"5":1,"6":0,"7":0,"8":0,"9":1},"f":{"0":1,"1":0},"b":{},"_coverageSchema":"1a1c01bbd47fc00a2c39e90264f33305004495a9","hash":"6c873613e576e7765933d09117c9f6877fad5b50"}
,"C:\\Users\\Merna\\vscoode projects\\yappie\\Yappie\\yappie\\src\\backend\\review-service\\controllers\\reviewController.js": {"path":"C:\\Users\\Merna\\vscoode projects\\yappie\\Yappie\\yappie\\src\\backend\\review-service\\controllers\\reviewController.js","statementMap":{"0":{"start":{"line":1,"column":15},"end":{"line":1,"column":42}},"1":{"start":{"line":2,"column":15},"end":{"line":2,"column":35}},"2":{"start":{"line":4,"column":0},"end":{"line":15,"column":2}},"3":{"start":{"line":5,"column":51},"end":{"line":5,"column":59}},"4":{"start":{"line":6,"column":2},"end":{"line":14,"column":3}},"5":{"start":{"line":7,"column":19},"end":{"line":7,"column":71}},"6":{"start":{"line":8,"column":4},"end":{"line":8,"column":24}},"7":{"start":{"line":9,"column":4},"end":{"line":9,"column":49}},"8":{"start":{"line":10,"column":4},"end":{"line":10,"column":62}},"9":{"start":{"line":12,"column":4},"end":{"line":12,"column":62}},"10":{"start":{"line":13,"column":4},"end":{"line":13,"column":60}},"11":{"start":{"line":17,"column":0},"end":{"line":26,"column":2}},"12":{"start":{"line":18,"column":2},"end":{"line":25,"column":3}},"13":{"start":{"line":19,"column":20},"end":{"line":19,"column":78}},"14":{"start":{"line":20,"column":4},"end":{"line":20,"column":78}},"15":{"start":{"line":21,"column":4},"end":{"line":21,"column":22}},"16":{"start":{"line":23,"column":4},"end":{"line":23,"column":62}},"17":{"start":{"line":24,"column":4},"end":{"line":24,"column":63}},"18":{"start":{"line":28,"column":0},"end":{"line":46,"column":2}},"19":{"start":{"line":29,"column":2},"end":{"line":45,"column":3}},"20":{"start":{"line":30,"column":24},"end":{"line":30,"column":46}},"21":{"start":{"line":31,"column":20},"end":{"line":31,"column":54}},"22":{"start":{"line":34,"column":6},"end":{"line":34,"column":75}},"23":{"start":{"line":34,"column":33},"end":{"line":34,"column":47}},"24":{"start":{"line":36,"column":4},"end":{"line":36,"column":74}},"25":{"start":{"line":37,"column":4},"end":{"line":41,"column":7}},"26":{"start":{"line":43,"column":4},"end":{"line":43,"column":67}},"27":{"start":{"line":44,"column":4},"end":{"line":44,"column":68}}},"fnMap":{"0":{"name":"(anonymous_0)","decl":{"start":{"line":4,"column":23},"end":{"line":4,"column":24}},"loc":{"start":{"line":4,"column":43},"end":{"line":15,"column":1}},"line":4},"1":{"name":"(anonymous_1)","decl":{"start":{"line":17,"column":30},"end":{"line":17,"column":31}},"loc":{"start":{"line":17,"column":50},"end":{"line":26,"column":1}},"line":17},"2":{"name":"(anonymous_2)","decl":{"start":{"line":28,"column":27},"end":{"line":28,"column":28}},"loc":{"start":{"line":28,"column":47},"end":{"line":46,"column":1}},"line":28},"3":{"name":"(anonymous_3)","decl":{"start":{"line":34,"column":21},"end":{"line":34,"column":22}},"loc":{"start":{"line":34,"column":33},"end":{"line":34,"column":47}},"line":34}},"branchMap":{"0":{"loc":{"start":{"line":34,"column":55},"end":{"line":34,"column":74}},"type":"binary-expr","locations":[{"start":{"line":34,"column":55},"end":{"line":34,"column":69}},{"start":{"line":34,"column":73},"end":{"line":34,"column":74}}],"line":34}},"s":{"0":1,"1":1,"2":1,"3":2,"4":2,"5":2,"6":2,"7":1,"8":1,"9":1,"10":1,"11":1,"12":2,"13":2,"14":1,"15":1,"16":1,"17":1,"18":1,"19":2,"20":2,"21":2,"22":1,"23":3,"24":1,"25":1,"26":1,"27":1},"f":{"0":2,"1":2,"2":2,"3":3},"b":{"0":[1,0]},"_coverageSchema":"1a1c01bbd47fc00a2c39e90264f33305004495a9","hash":"5a8dc59c9d31f4cf990b30b3de70139ae6a21d72"}
,"C:\\Users\\Merna\\vscoode projects\\yappie\\Yappie\\yappie\\src\\backend\\review-service\\models\\Review.js": {"path":"C:\\Users\\Merna\\vscoode projects\\yappie\\Yappie\\yappie\\src\\backend\\review-service\\models\\Review.js","statementMap":{"0":{"start":{"line":1,"column":17},"end":{"line":1,"column":36}},"1":{"start":{"line":3,"column":21},"end":{"line":9,"column":2}},"2":{"start":{"line":11,"column":0},"end":{"line":11,"column":56}}},"fnMap":{},"branchMap":{},"s":{"0":1,"1":1,"2":1},"f":{},"b":{},"_coverageSchema":"1a1c01bbd47fc00a2c39e90264f33305004495a9","hash":"24ac79571589a4db4b13a1f8aaa8eabb5ffef17a"}
,"C:\\Users\\Merna\\vscoode projects\\yappie\\Yappie\\yappie\\src\\backend\\review-service\\routes\\reviews.js": {"path":"C:\\Users\\Merna\\vscoode projects\\yappie\\Yappie\\yappie\\src\\backend\\review-service\\routes\\reviews.js","statementMap":{"0":{"start":{"line":1,"column":16},"end":{"line":1,"column":34}},"1":{"start":{"line":2,"column":15},"end":{"line":2,"column":31}},"2":{"start":{"line":3,"column":19},"end":{"line":3,"column":61}},"3":{"start":{"line":5,"column":0},"end":{"line":5,"column":42}},"4":{"start":{"line":6,"column":0},"end":{"line":6,"column":60}},"5":{"start":{"line":7,"column":0},"end":{"line":7,"column":65}},"6":{"start":{"line":9,"column":0},"end":{"line":9,"column":24}}},"fnMap":{},"branchMap":{},"s":{"0":1,"1":1,"2":1,"3":1,"4":1,"5":1,"6":1},"f":{},"b":{},"_coverageSchema":"1a1c01bbd47fc00a2c39e90264f33305004495a9","hash":"a46e13742262e40297bc56b5321101eda019434c"}
}
