TN:
SF:src\backend\review-service\controllers\reviewController.js
FN:4,(anonymous_0)
FN:17,(anonymous_1)
FN:28,(anonymous_2)
FN:34,(anonymous_3)
FNF:4
FNH:4
FNDA:2,(anonymous_0)
FNDA:2,(anonymous_1)
FNDA:2,(anonymous_2)
FNDA:3,(anonymous_3)
DA:1,1
DA:2,1
DA:4,1
DA:5,2
DA:6,2
DA:7,2
DA:8,2
DA:9,1
DA:10,1
DA:12,1
DA:13,1
DA:17,1
DA:18,2
DA:19,2
DA:20,1
DA:21,1
DA:23,1
DA:24,1
DA:28,1
DA:29,2
DA:30,2
DA:31,2
DA:34,3
DA:36,1
DA:37,1
DA:43,1
DA:44,1
LF:27
LH:27
BRDA:34,0,0,1
BRDA:34,0,1,0
BRF:2
BRH:1
end_of_record
TN:
SF:src\backend\review-service\models\Review.js
FNF:0
FNH:0
DA:1,1
DA:3,1
DA:11,1
LF:3
LH:3
BRF:0
BRH:0
end_of_record
TN:
SF:src\backend\review-service\routes\reviews.js
FNF:0
FNH:0
DA:1,1
DA:2,1
DA:3,1
DA:5,1
DA:6,1
DA:7,1
DA:9,1
LF:7
LH:7
BRF:0
BRH:0
end_of_record
